<?xml version="1.0" encoding="UTF-8"?>
<!-- Generated by org.testng.reporters.JUnitReportReporter -->
<testsuite skipped="0" hostname="DESKTOP-PHNALL0" name="gmail.GMailTest" tests="1" failures="0" timestamp="31 Jan 2019 02:28:54 GMT" time="92.688" errors="0">
  <testcase name="testSendEmail" time="92.688" classname="gmail.GMailTest"/>
</testsuite> <!-- gmail.GMailTest -->
