<?xml version="1.0" encoding="UTF-8"?>
<!-- Generated by org.testng.reporters.JUnitReportReporter -->
<testsuite skipped="0" hostname="DESKTOP-PHNALL0" name="gmail.GMailTest" tests="1" failures="0" timestamp="26 Jan 2019 02:08:09 GMT" time="37.670" errors="0">
  <testcase name="testSendEmail" time="37.670" classname="gmail.GMailTest"/>
</testsuite> <!-- gmail.GMailTest -->
